<?xml version="1.0" encoding="UTF-8"?>
<testsuite name="htw.webtech.Webtech.controller.ControllerTest" tests="6" skipped="0" failures="0" errors="0" timestamp="2026-06-15T11:28:28.476Z" hostname="LAPTOP-TEOHRO03" time="0.814">
  <properties/>
  <testcase name="getCards_returnsCardsOfDeck()" classname="htw.webtech.Webtech.controller.ControllerTest" time="0.243"/>
  <testcase name="createCard_whenDeckNotFound_returns404()" classname="htw.webtech.Webtech.controller.ControllerTest" time="0.063"/>
  <testcase name="createCard_returns201WithCreatedCard()" classname="htw.webtech.Webtech.controller.ControllerTest" time="0.008"/>
  <testcase name="createDeck_returns201WithCreatedDeck()" classname="htw.webtech.Webtech.controller.ControllerTest" time="0.013"/>
  <testcase name="deleteDeck_returns204()" classname="htw.webtech.Webtech.controller.ControllerTest" time="0.011"/>
  <testcase name="getAllDecks_returnsJsonList()" classname="htw.webtech.Webtech.controller.ControllerTest" time="0.006"/>
  <system-out><![CDATA[2026-06-15T13:28:28.479+02:00  INFO 41932 --- [Webtech] [    Test worker] t.c.s.AnnotationConfigContextLoaderUtils : Could not detect default configuration classes for test class [htw.webtech.Webtech.controller.ControllerTest]: ControllerTest does not declare any static, non-private, non-final, nested classes annotated with @Configuration.
2026-06-15T13:28:28.502+02:00  INFO 41932 --- [Webtech] [    Test worker] .b.t.c.SpringBootTestContextBootstrapper : Found @SpringBootConfiguration htw.webtech.Webtech.WebtechApplication for test class htw.webtech.Webtech.controller.ControllerTest

  .   ____          _            __ _ _
 /\\ / ___'_ __ _ _(_)_ __  __ _ \ \ \ \
( ( )\___ | '_ | '_| | '_ \/ _` | \ \ \ \
 \\/  ___)| |_)| | | | | || (_| |  ) ) ) )
  '  |____| .__|_| |_|_| |_\__, | / / / /
 =========|_|==============|___/=/_/_/_/

 :: Spring Boot ::                (v3.4.1)

2026-06-15T13:28:28.527+02:00  INFO 41932 --- [Webtech] [    Test worker] h.w.Webtech.controller.ControllerTest    : Starting ControllerTest using Java 17.0.19 with PID 41932 (started by anton in C:\Users\anton\Webtech_HTW\Webtech)
2026-06-15T13:28:28.528+02:00  INFO 41932 --- [Webtech] [    Test worker] h.w.Webtech.controller.ControllerTest    : No active profile set, falling back to 1 default profile: "default"
2026-06-15T13:28:28.908+02:00  INFO 41932 --- [Webtech] [    Test worker] o.s.b.t.m.w.SpringBootMockServletContext : Initializing Spring TestDispatcherServlet ''
2026-06-15T13:28:28.908+02:00  INFO 41932 --- [Webtech] [    Test worker] o.s.t.web.servlet.TestDispatcherServlet  : Initializing Servlet ''
2026-06-15T13:28:28.912+02:00  INFO 41932 --- [Webtech] [    Test worker] o.s.t.web.servlet.TestDispatcherServlet  : Completed initialization in 2 ms
2026-06-15T13:28:28.932+02:00  INFO 41932 --- [Webtech] [    Test worker] h.w.Webtech.controller.ControllerTest    : Started ControllerTest in 0.428 seconds (process running for 5.047)
]]></system-out>
  <system-err><![CDATA[]]></system-err>
</testsuite>
