<?xml version="1.0" encoding="UTF-8"?>
<testsuite name="htw.webtech.Webtech.WebtechApplicationTests" tests="1" skipped="0" failures="0" errors="0" timestamp="2026-06-15T11:28:24.561Z" hostname="LAPTOP-TEOHRO03" time="3.909">
  <properties/>
  <testcase name="contextLoads()" classname="htw.webtech.Webtech.WebtechApplicationTests" time="0.324"/>
  <system-out><![CDATA[13:28:24.705 [Test worker] INFO org.springframework.test.context.support.AnnotationConfigContextLoaderUtils -- Could not detect default configuration classes for test class [htw.webtech.Webtech.WebtechApplicationTests]: WebtechApplicationTests does not declare any static, non-private, non-final, nested classes annotated with @Configuration.
13:28:24.797 [Test worker] INFO org.springframework.boot.test.context.SpringBootTestContextBootstrapper -- Found @SpringBootConfiguration htw.webtech.Webtech.WebtechApplication for test class htw.webtech.Webtech.WebtechApplicationTests

  .   ____          _            __ _ _
 /\\ / ___'_ __ _ _(_)_ __  __ _ \ \ \ \
( ( )\___ | '_ | '_| | '_ \/ _` | \ \ \ \
 \\/  ___)| |_)| | | | | || (_| |  ) ) ) )
  '  |____| .__|_| |_|_| |_\__, | / / / /
 =========|_|==============|___/=/_/_/_/

 :: Spring Boot ::                (v3.4.1)

2026-06-15T13:28:25.137+02:00  INFO 41932 --- [Webtech] [    Test worker] h.w.Webtech.WebtechApplicationTests      : Starting WebtechApplicationTests using Java 17.0.19 with PID 41932 (started by anton in C:\Users\anton\Webtech_HTW\Webtech)
2026-06-15T13:28:25.138+02:00  INFO 41932 --- [Webtech] [    Test worker] h.w.Webtech.WebtechApplicationTests      : No active profile set, falling back to 1 default profile: "default"
2026-06-15T13:28:25.679+02:00  INFO 41932 --- [Webtech] [    Test worker] .s.d.r.c.RepositoryConfigurationDelegate : Bootstrapping Spring Data JPA repositories in DEFAULT mode.
2026-06-15T13:28:25.735+02:00  INFO 41932 --- [Webtech] [    Test worker] .s.d.r.c.RepositoryConfigurationDelegate : Finished Spring Data repository scanning in 45 ms. Found 2 JPA repository interfaces.
2026-06-15T13:28:26.097+02:00  INFO 41932 --- [Webtech] [    Test worker] o.hibernate.jpa.internal.util.LogHelper  : HHH000204: Processing PersistenceUnitInfo [name: default]
2026-06-15T13:28:26.160+02:00  INFO 41932 --- [Webtech] [    Test worker] org.hibernate.Version                    : HHH000412: Hibernate ORM core version 6.6.4.Final
2026-06-15T13:28:26.193+02:00  INFO 41932 --- [Webtech] [    Test worker] o.h.c.internal.RegionFactoryInitiator    : HHH000026: Second-level cache disabled
2026-06-15T13:28:26.450+02:00  INFO 41932 --- [Webtech] [    Test worker] o.s.o.j.p.SpringPersistenceUnitInfo      : No LoadTimeWeaver setup: ignoring JPA class transformer
2026-06-15T13:28:26.479+02:00  INFO 41932 --- [Webtech] [    Test worker] com.zaxxer.hikari.HikariDataSource       : HikariPool-1 - Starting...
2026-06-15T13:28:26.608+02:00  INFO 41932 --- [Webtech] [    Test worker] com.zaxxer.hikari.pool.HikariPool        : HikariPool-1 - Added connection conn0: url=jdbc:h2:mem:flipside user=SA
2026-06-15T13:28:26.609+02:00  INFO 41932 --- [Webtech] [    Test worker] com.zaxxer.hikari.HikariDataSource       : HikariPool-1 - Start completed.
2026-06-15T13:28:26.651+02:00  INFO 41932 --- [Webtech] [    Test worker] org.hibernate.orm.connections.pooling    : HHH10001005: Database info:
	Database JDBC URL [Connecting through datasource 'HikariDataSource (HikariPool-1)']
	Database driver: undefined/unknown
	Database version: 2.3.232
	Autocommit mode: undefined/unknown
	Isolation level: undefined/unknown
	Minimum pool size: undefined/unknown
	Maximum pool size: undefined/unknown
2026-06-15T13:28:27.322+02:00  INFO 41932 --- [Webtech] [    Test worker] o.h.e.t.j.p.i.JtaPlatformInitiator       : HHH000489: No JTA platform available (set 'hibernate.transaction.jta.platform' to enable JTA platform integration)
2026-06-15T13:28:27.360+02:00  INFO 41932 --- [Webtech] [    Test worker] j.LocalContainerEntityManagerFactoryBean : Initialized JPA EntityManagerFactory for persistence unit 'default'
2026-06-15T13:28:27.761+02:00  WARN 41932 --- [Webtech] [    Test worker] JpaBaseConfiguration$JpaWebConfiguration : spring.jpa.open-in-view is enabled by default. Therefore, database queries may be performed during view rendering. Explicitly configure spring.jpa.open-in-view to disable this warning
2026-06-15T13:28:28.061+02:00  INFO 41932 --- [Webtech] [    Test worker] o.s.b.a.h2.H2ConsoleAutoConfiguration    : H2 console available at '/h2-console'. Database available at 'jdbc:h2:mem:flipside'
2026-06-15T13:28:28.127+02:00  INFO 41932 --- [Webtech] [    Test worker] h.w.Webtech.WebtechApplicationTests      : Started WebtechApplicationTests in 3.2 seconds (process running for 4.241)
]]></system-out>
  <system-err><![CDATA[]]></system-err>
</testsuite>
